INFO - value -1000 will be used for reliableConnectionKeepAliveTimeout stack property
INFO - Setting Stack Thread priority to 10
WARN - using default tls security policy
WARN - Using default keystore type pkcs12
WARN - TLS server settings will be inactive - TLS key store will use JVM defaults keyStoreType=pkcs12 javax.net.ssl.keyStore=null javax.net.ssl.keyStorePassword=null
INFO - javax.net.ssl.trustStorePassword is null, using the password passed through javax.net.ssl.keyStorePassword
WARN - Using default truststore type pkcs12
WARN - TLS trust settings will be inactive - TLS trust store will use JVM defaults. trustStoreType=pkcs12 javax.net.ssl.trustStore=null javax.net.ssl.trustStorePassword=null
INFO - the sip stack timer gov.nist.javax.sip.stack.timers.DefaultSipTimer has been started
INFO - value -1000 will be used for reliableConnectionKeepAliveTimeout stack property
INFO - Setting Stack Thread priority to 10
WARN - using default tls security policy
WARN - Using default keystore type pkcs12
WARN - TLS server settings will be inactive - TLS key store will use JVM defaults keyStoreType=pkcs12 javax.net.ssl.keyStore=null javax.net.ssl.keyStorePassword=null
INFO - javax.net.ssl.trustStorePassword is null, using the password passed through javax.net.ssl.keyStorePassword
WARN - Using default truststore type pkcs12
WARN - TLS trust settings will be inactive - TLS trust store will use JVM defaults. trustStoreType=pkcs12 javax.net.ssl.trustStore=null javax.net.ssl.trustStorePassword=null
INFO - the sip stack timer gov.nist.javax.sip.stack.timers.DefaultSipTimer has been started
ERROR - gov.nist.javax.sip.SipStackImpl.createListeningPoint(SipStackImpl.java:1579) [Invalid argument address = 127.0.0.1 port = 5062 transport = udp]
INFO - value -1000 will be used for reliableConnectionKeepAliveTimeout stack property
INFO - Setting Stack Thread priority to 10
WARN - using default tls security policy
WARN - Using default keystore type pkcs12
WARN - TLS server settings will be inactive - TLS key store will use JVM defaults keyStoreType=pkcs12 javax.net.ssl.keyStore=null javax.net.ssl.keyStorePassword=null
INFO - javax.net.ssl.trustStorePassword is null, using the password passed through javax.net.ssl.keyStorePassword
WARN - Using default truststore type pkcs12
WARN - TLS trust settings will be inactive - TLS trust store will use JVM defaults. trustStoreType=pkcs12 javax.net.ssl.trustStore=null javax.net.ssl.trustStorePassword=null
INFO - the sip stack timer gov.nist.javax.sip.stack.timers.DefaultSipTimer has been started
ERROR - gov.nist.javax.sip.SipStackImpl.createListeningPoint(SipStackImpl.java:1579) [Invalid argument address = 127.0.0.1 port = 5062 transport = udp]
INFO - value -1000 will be used for reliableConnectionKeepAliveTimeout stack property
INFO - Setting Stack Thread priority to 10
WARN - using default tls security policy
WARN - Using default keystore type pkcs12
WARN - TLS server settings will be inactive - TLS key store will use JVM defaults keyStoreType=pkcs12 javax.net.ssl.keyStore=null javax.net.ssl.keyStorePassword=null
INFO - javax.net.ssl.trustStorePassword is null, using the password passed through javax.net.ssl.keyStorePassword
WARN - Using default truststore type pkcs12
WARN - TLS trust settings will be inactive - TLS trust store will use JVM defaults. trustStoreType=pkcs12 javax.net.ssl.trustStore=null javax.net.ssl.trustStorePassword=null
INFO - the sip stack timer gov.nist.javax.sip.stack.timers.DefaultSipTimer has been started
ERROR - gov.nist.javax.sip.SipStackImpl.createListeningPoint(SipStackImpl.java:1579) [Invalid argument address = 127.0.0.1 port = 5062 transport = udp]
